<?xml version="1.0" encoding="UTF-8"?>
<robot generator="Robot 6.1.1 (Python 3.12.0 on win32)" generated="20231120 16:56:58.291" rpa="false" schemaversion="4">
<suite id="s1" name="Robot" source="D:\Estudos\Trabalho A3\Backend\testeunitario\robot.robot">
<test id="s1-t1" name="Test Login" line="11">
<kw name="Create Session" library="RequestsLibrary">
<arg>alias=MySession</arg>
<arg>url=${BASE_URL}</arg>
<doc>Create Session: create a HTTP session to a server</doc>
<msg timestamp="20231120 16:56:58.390" level="INFO">Creating Session using : alias=MySession, url=http://localhost:5000, headers={},                     cookies={}, auth=None, timeout=None, proxies=None, verify=False,                     debug=0 </msg>
<status status="PASS" starttime="20231120 16:56:58.388" endtime="20231120 16:56:58.390"/>
</kw>
<kw name="Create Dictionary" library="BuiltIn">
<var>${data}</var>
<arg>email=admin</arg>
<arg>password=admin</arg>
<doc>Creates and returns a dictionary based on the given ``items``.</doc>
<msg timestamp="20231120 16:56:58.390" level="INFO">${data} = {'email': 'admin', 'password': 'admin'}</msg>
<status status="PASS" starttime="20231120 16:56:58.390" endtime="20231120 16:56:58.390"/>
</kw>
<kw name="Create Dictionary" library="BuiltIn">
<var>${headers}</var>
<arg>Content-Type=application/json</arg>
<doc>Creates and returns a dictionary based on the given ``items``.</doc>
<msg timestamp="20231120 16:56:58.391" level="INFO">${headers} = {'Content-Type': 'application/json'}</msg>
<status status="PASS" starttime="20231120 16:56:58.390" endtime="20231120 16:56:58.391"/>
</kw>
<kw name="POST On Session" library="RequestsLibrary">
<var>${response}</var>
<arg>MySession</arg>
<arg>${LOGIN_ENDPOINT}</arg>
<arg>json=${data}</arg>
<arg>headers=${headers}</arg>
<doc>Sends a POST request on a previously created HTTP Session.</doc>
<msg timestamp="20231120 16:57:00.428" level="INFO">POST Request : url=http://localhost:5000/login 
 path_url=/login 
 headers={'User-Agent': 'python-requests/2.31.0', 'Accept-Encoding': 'gzip, deflate', 'Accept': '*/*', 'Connection': 'keep-alive', 'Content-Type': 'application/json', 'Content-Length': '39'} 
 body=b'{"email": "admin", "password": "admin"}' 
 </msg>
<msg timestamp="20231120 16:57:00.428" level="INFO">POST Response : url=http://localhost:5000/login 
 status=200, reason=OK 
 headers={'Server': 'Werkzeug/3.0.1 Python/3.12.0', 'Date': 'Mon, 20 Nov 2023 19:57:00 GMT', 'Content-Type': 'application/json', 'Content-Length': '145', 'Access-Control-Allow-Origin': 'http://localhost:3000', 'Access-Control-Allow-Credentials': 'true', 'Connection': 'close'} 
 body={
  "token": "eyJhbGciOiJIUzI1NiIsInR5cCI6IkpXVCJ9.eyJlbWFpbCI6ImFkbWluIiwiZXhwIjoxNzAwNTEzODIwfQ.yjiDVXfFC3eNH_hGlgOF_dk_o5XIma0sd1tF2J4F8x4"
}
 
 </msg>
<msg timestamp="20231120 16:57:00.428" level="INFO">${response} = &lt;Response [200]&gt;</msg>
<status status="PASS" starttime="20231120 16:56:58.391" endtime="20231120 16:57:00.428"/>
</kw>
<kw name="Should Be Equal As Strings" library="BuiltIn">
<arg>${response.status_code}</arg>
<arg>200</arg>
<doc>Fails if objects are unequal after converting them to strings.</doc>
<msg timestamp="20231120 16:57:00.429" level="INFO">Argument types are:
&lt;class 'int'&gt;
&lt;class 'str'&gt;</msg>
<status status="PASS" starttime="20231120 16:57:00.429" endtime="20231120 16:57:00.429"/>
</kw>
<status status="PASS" starttime="20231120 16:56:58.388" endtime="20231120 16:57:00.429"/>
</test>
<test id="s1-t2" name="Test Register" line="18">
<kw name="Create Session" library="RequestsLibrary">
<arg>alias=MySession</arg>
<arg>url=${BASE_URL}</arg>
<doc>Create Session: create a HTTP session to a server</doc>
<msg timestamp="20231120 16:57:00.430" level="INFO">Creating Session using : alias=MySession, url=http://localhost:5000, headers={},                     cookies={}, auth=None, timeout=None, proxies=None, verify=False,                     debug=0 </msg>
<status status="PASS" starttime="20231120 16:57:00.430" endtime="20231120 16:57:00.430"/>
</kw>
<kw name="Create Dictionary" library="BuiltIn">
<var>${data}</var>
<arg>email=test@test.com</arg>
<arg>password=test</arg>
<doc>Creates and returns a dictionary based on the given ``items``.</doc>
<msg timestamp="20231120 16:57:00.430" level="INFO">${data} = {'email': 'test@test.com', 'password': 'test'}</msg>
<status status="PASS" starttime="20231120 16:57:00.430" endtime="20231120 16:57:00.430"/>
</kw>
<kw name="Create Dictionary" library="BuiltIn">
<var>${headers}</var>
<arg>Content-Type=application/json</arg>
<doc>Creates and returns a dictionary based on the given ``items``.</doc>
<msg timestamp="20231120 16:57:00.431" level="INFO">${headers} = {'Content-Type': 'application/json'}</msg>
<status status="PASS" starttime="20231120 16:57:00.431" endtime="20231120 16:57:00.431"/>
</kw>
<kw name="POST On Session" library="RequestsLibrary">
<var>${response}</var>
<arg>MySession</arg>
<arg>${REGISTER_ENDPOINT}</arg>
<arg>json=${data}</arg>
<arg>headers=${headers}</arg>
<doc>Sends a POST request on a previously created HTTP Session.</doc>
<msg timestamp="20231120 16:57:02.457" level="INFO">POST Request : url=http://localhost:5000/cadastro 
 path_url=/cadastro 
 headers={'User-Agent': 'python-requests/2.31.0', 'Accept-Encoding': 'gzip, deflate', 'Accept': '*/*', 'Connection': 'keep-alive', 'Content-Type': 'application/json', 'Content-Length': '46'} 
 body=b'{"email": "test@test.com", "password": "test"}' 
 </msg>
<msg timestamp="20231120 16:57:02.457" level="INFO">POST Response : url=http://localhost:5000/cadastro 
 status=200, reason=OK 
 headers={'Server': 'Werkzeug/3.0.1 Python/3.12.0', 'Date': 'Mon, 20 Nov 2023 19:57:02 GMT', 'Content-Type': 'application/json', 'Content-Length': '204', 'Access-Control-Allow-Origin': 'http://localhost:3000', 'Access-Control-Allow-Credentials': 'true', 'Connection': 'close'} 
 body={
  "mensagem": "Cadastro realizado com sucesso!",
  "token": "eyJhbGciOiJIUzI1NiIsInR5cCI6IkpXVCJ9.eyJlbWFpbCI6InRlc3RAdGVzdC5jb20iLCJleHAiOjE3MDA1MTM4MjJ9.Dc3z53J69sLBGrt1wfehhwznWWA67gQ0Bt863-BD9bo"
}
 
 </msg>
<msg timestamp="20231120 16:57:02.457" level="INFO">${response} = &lt;Response [200]&gt;</msg>
<status status="PASS" starttime="20231120 16:57:00.431" endtime="20231120 16:57:02.457"/>
</kw>
<kw name="Should Be Equal As Strings" library="BuiltIn">
<arg>${response.status_code}</arg>
<arg>200</arg>
<doc>Fails if objects are unequal after converting them to strings.</doc>
<msg timestamp="20231120 16:57:02.458" level="INFO">Argument types are:
&lt;class 'int'&gt;
&lt;class 'str'&gt;</msg>
<status status="PASS" starttime="20231120 16:57:02.457" endtime="20231120 16:57:02.458"/>
</kw>
<status status="PASS" starttime="20231120 16:57:00.430" endtime="20231120 16:57:02.458"/>
</test>
<status status="PASS" starttime="20231120 16:56:58.292" endtime="20231120 16:57:02.459"/>
</suite>
<statistics>
<total>
<stat pass="2" fail="0" skip="0">All Tests</stat>
</total>
<tag>
</tag>
<suite>
<stat pass="2" fail="0" skip="0" id="s1" name="Robot">Robot</stat>
</suite>
</statistics>
<errors>
</errors>
</robot>
